Performing C SOURCE FILE Test CMAKE_HAVE_LIBC_PTHREAD failed with the following output:
Change Dir: /home/ego/projects/mb/cmake-build-debug/CMakeFiles/CMakeTmp

Run Build Command(s):/usr/bin/make cmTC_560ae/fast && /usr/bin/make  -f CMakeFiles/cmTC_560ae.dir/build.make CMakeFiles/cmTC_560ae.dir/build
make[1]: Entering directory '/home/ego/projects/mb/cmake-build-debug/CMakeFiles/CMakeTmp'
Building C object CMakeFiles/cmTC_560ae.dir/src.c.o
/usr/bin/cc   -DCMAKE_HAVE_LIBC_PTHREAD   -o CMakeFiles/cmTC_560ae.dir/src.c.o   -c /home/ego/projects/mb/cmake-build-debug/CMakeFiles/CMakeTmp/src.c
Linking C executable cmTC_560ae
/home/ego/apps/clion/bin/cmake/linux/bin/cmake -E cmake_link_script CMakeFiles/cmTC_560ae.dir/link.txt --verbose=1
/usr/bin/cc  -DCMAKE_HAVE_LIBC_PTHREAD    -rdynamic CMakeFiles/cmTC_560ae.dir/src.c.o  -o cmTC_560ae 
/usr/bin/ld: CMakeFiles/cmTC_560ae.dir/src.c.o: in function `main':
src.c:(.text+0x3e): undefined reference to `pthread_create'
/usr/bin/ld: src.c:(.text+0x4a): undefined reference to `pthread_detach'
/usr/bin/ld: src.c:(.text+0x56): undefined reference to `pthread_cancel'
/usr/bin/ld: src.c:(.text+0x67): undefined reference to `pthread_join'
collect2: error: ld returned 1 exit status
make[1]: *** [CMakeFiles/cmTC_560ae.dir/build.make:107: cmTC_560ae] Error 1
make[1]: Leaving directory '/home/ego/projects/mb/cmake-build-debug/CMakeFiles/CMakeTmp'
make: *** [Makefile:141: cmTC_560ae/fast] Error 2


Source file was:
#include <pthread.h>

void* test_func(void* data)
{
  return data;
}

int main(void)
{
  pthread_t thread;
  pthread_create(&thread, NULL, test_func, NULL);
  pthread_detach(thread);
  pthread_cancel(thread);
  pthread_join(thread, NULL);
  pthread_atfork(NULL, NULL, NULL);
  pthread_exit(NULL);

  return 0;
}

Determining if the function pthread_create exists in the pthreads failed with the following output:
Change Dir: /home/ego/projects/mb/cmake-build-debug/CMakeFiles/CMakeTmp

Run Build Command(s):/usr/bin/make cmTC_5b19c/fast && /usr/bin/make  -f CMakeFiles/cmTC_5b19c.dir/build.make CMakeFiles/cmTC_5b19c.dir/build
make[1]: Entering directory '/home/ego/projects/mb/cmake-build-debug/CMakeFiles/CMakeTmp'
Building C object CMakeFiles/cmTC_5b19c.dir/CheckFunctionExists.c.o
/usr/bin/cc   -DCHECK_FUNCTION_EXISTS=pthread_create   -o CMakeFiles/cmTC_5b19c.dir/CheckFunctionExists.c.o   -c /home/ego/apps/clion/bin/cmake/linux/share/cmake-3.17/Modules/CheckFunctionExists.c
Linking C executable cmTC_5b19c
/home/ego/apps/clion/bin/cmake/linux/bin/cmake -E cmake_link_script CMakeFiles/cmTC_5b19c.dir/link.txt --verbose=1
/usr/bin/cc  -DCHECK_FUNCTION_EXISTS=pthread_create    -rdynamic CMakeFiles/cmTC_5b19c.dir/CheckFunctionExists.c.o  -o cmTC_5b19c  -lpthreads 
/usr/bin/ld: cannot find -lpthreads
collect2: error: ld returned 1 exit status
make[1]: *** [CMakeFiles/cmTC_5b19c.dir/build.make:107: cmTC_5b19c] Error 1
make[1]: Leaving directory '/home/ego/projects/mb/cmake-build-debug/CMakeFiles/CMakeTmp'
make: *** [Makefile:141: cmTC_5b19c/fast] Error 2



